Launching 19 parallel environments.
Using eval_reward reward function.
Using eval_reward reward function.
Using eval_reward reward function.
Using eval_reward reward function.
Using eval_reward reward function.
Using eval_reward reward function.
Using eval_reward reward function.
Using eval_reward reward function.
Using eval_reward reward function.
Using eval_reward reward function.
Using eval_reward reward function.
Using eval_reward reward function.
Using eval_reward reward function.
Using eval_reward reward function.
Using eval_reward reward function.
Using eval_reward reward function.
Using eval_reward reward function.
Using eval_reward reward function.
Using eval_reward reward function.
Using eval_reward reward function.
Model checkpoint loaded from fault-td3_checkpoint.pth.
TD3 Residual Agent initialized with:
	Device: cuda
	Replay buffer capacity: 5000000
	Batch size: 1024
	Gamma (discount): 0.995
	Tau (target update rate): 0.005
	Policy noise: 0.2
	Noise clip: 0.5
	Policy update frequency: 2
	Max action: 15.0
	Max grad norm: 3.0
GPU thread enabled: False
Algorithm: TD3
Reward function: eval
NO_FAULT: False
Agent NO-OP mode: False
Residual mode: True
Fine-tuning mode: False
Experiment prefix: fault_w3
Training on device: cuda, env action device: GPU
EVAL mode enabled. Running 2000 evaluation episodes.
[EVAL] Episode 50/2000 | env 7 | reward 169.900 | wheel 0 | alpha 0.50 | success True | steps 1300
[EVAL] Episode 100/2000 | env 7 | reward 114.600 | wheel 0 | alpha 0.10 | success True | steps 1853
[EVAL] Episode 150/2000 | env 14 | reward 149.800 | wheel 5 | alpha 0.40 | success True | steps 1501
[EVAL] Episode 200/2000 | env 6 | reward 191.900 | wheel 3 | alpha 0.00 | success True | steps 1080
[EVAL] Episode 250/2000 | env 8 | reward -200.000 | wheel 2 | alpha 0.20 | success False | steps 1999
[EVAL] Episode 300/2000 | env 15 | reward 145.000 | wheel 5 | alpha 0.50 | success True | steps 1549
[EVAL] Episode 350/2000 | env 1 | reward 200.000 | wheel 5 | alpha 0.00 | success True | steps 999
[EVAL] Episode 400/2000 | env 6 | reward 203.000 | wheel 3 | alpha 0.10 | success True | steps 969
[EVAL] Episode 450/2000 | env 8 | reward -200.000 | wheel 0 | alpha 0.00 | success False | steps 1999
[EVAL] Episode 500/2000 | env 16 | reward 174.000 | wheel 1 | alpha 0.20 | success True | steps 1259
[EVAL] Episode 550/2000 | env 6 | reward -15.500 | wheel 3 | alpha 0.50 | success False | steps 154
[EVAL] Episode 600/2000 | env 10 | reward 167.000 | wheel 4 | alpha 0.50 | success True | steps 1329
[EVAL] Episode 650/2000 | env 16 | reward 134.500 | wheel 1 | alpha 0.10 | success True | steps 1654
[EVAL] Episode 700/2000 | env 6 | reward 202.100 | wheel 5 | alpha 0.50 | success True | steps 978
[EVAL] Episode 750/2000 | env 14 | reward 195.300 | wheel 5 | alpha 0.00 | success True | steps 1046
[EVAL] Episode 800/2000 | env 8 | reward -200.000 | wheel 1 | alpha 0.20 | success False | steps 1999
[EVAL] Episode 850/2000 | env 4 | reward 153.000 | wheel 5 | alpha 0.40 | success True | steps 1469
[EVAL] Episode 900/2000 | env 5 | reward 169.700 | wheel 2 | alpha 0.30 | success True | steps 1302
[EVAL] Episode 950/2000 | env 7 | reward 160.600 | wheel 0 | alpha 0.00 | success True | steps 1393
[EVAL] Episode 1000/2000 | env 5 | reward 127.400 | wheel 4 | alpha 0.00 | success True | steps 1725
[EVAL] Episode 1050/2000 | env 3 | reward -70.600 | wheel 3 | alpha 0.50 | success False | steps 705
[EVAL] Episode 1100/2000 | env 17 | reward -200.000 | wheel 2 | alpha 0.00 | success False | steps 1999
[EVAL] Episode 1150/2000 | env 0 | reward -200.000 | wheel 5 | alpha 0.00 | success False | steps 1999
[EVAL] Episode 1200/2000 | env 9 | reward 197.600 | wheel 5 | alpha 0.20 | success True | steps 1023
[EVAL] Episode 1250/2000 | env 0 | reward 150.600 | wheel 2 | alpha 0.20 | success True | steps 1493
[EVAL] Episode 1300/2000 | env 9 | reward 156.600 | wheel 1 | alpha 0.20 | success True | steps 1433
[EVAL] Episode 1350/2000 | env 18 | reward 194.300 | wheel 1 | alpha 0.50 | success True | steps 1056
[EVAL] Episode 1400/2000 | env 7 | reward -15.200 | wheel 1 | alpha 0.30 | success False | steps 151
[EVAL] Episode 1450/2000 | env 13 | reward 179.100 | wheel 4 | alpha 0.40 | success True | steps 1208
[EVAL] Episode 1500/2000 | env 3 | reward 196.800 | wheel 4 | alpha 0.10 | success True | steps 1031
[EVAL] Episode 1550/2000 | env 17 | reward -200.000 | wheel 1 | alpha 0.50 | success False | steps 1999
[EVAL] Episode 1600/2000 | env 5 | reward -200.000 | wheel 0 | alpha 0.10 | success False | steps 1999
[EVAL] Episode 1650/2000 | env 2 | reward 139.800 | wheel 3 | alpha 0.10 | success True | steps 1601
[EVAL] Episode 1700/2000 | env 11 | reward 158.200 | wheel 3 | alpha 0.10 | success True | steps 1417
[EVAL] Episode 1750/2000 | env 14 | reward 204.100 | wheel 5 | alpha 0.40 | success True | steps 958
[EVAL] Episode 1800/2000 | env 13 | reward 137.400 | wheel 0 | alpha 0.10 | success True | steps 1625
[EVAL] Episode 1850/2000 | env 4 | reward -15.400 | wheel 0 | alpha 0.30 | success False | steps 153
[EVAL] Episode 1900/2000 | env 17 | reward 202.300 | wheel 5 | alpha 0.20 | success True | steps 976
[EVAL] Episode 1950/2000 | env 7 | reward 208.800 | wheel 5 | alpha 0.40 | success True | steps 911
[EVAL] Episode 2000/2000 | env 3 | reward 178.700 | wheel 1 | alpha 0.10 | success True | steps 1212
EVAL completed. Success rate: 1542/2000 = 77.10%
Eval log saved to: eval_logs/fault_w3-eval_log.csv
