Launching 19 parallel environments.
Using eval_reward reward function.
Using eval_reward reward function.
Using eval_reward reward function.
Using eval_reward reward function.
Using eval_reward reward function.
Using eval_reward reward function.
Using eval_reward reward function.
Using eval_reward reward function.
Using eval_reward reward function.
Using eval_reward reward function.
Using eval_reward reward function.
Using eval_reward reward function.
Using eval_reward reward function.
Using eval_reward reward function.
Using eval_reward reward function.
Using eval_reward reward function.
Using eval_reward reward function.
Using eval_reward reward function.
Using eval_reward reward function.
Using eval_reward reward function.
Model checkpoint loaded from fault-td3_checkpoint.pth.
TD3 Residual Agent initialized with:
	Device: cuda
	Replay buffer capacity: 5000000
	Batch size: 1024
	Gamma (discount): 0.995
	Tau (target update rate): 0.005
	Policy noise: 0.2
	Noise clip: 0.5
	Policy update frequency: 2
	Max action: 15.0
	Max grad norm: 3.0
GPU thread enabled: False
Algorithm: TD3
Reward function: eval
NO_FAULT: False
Agent NO-OP mode: False
Residual mode: True
Fine-tuning mode: False
Experiment prefix: fault_w2_sameside
Training on device: cuda, env action device: GPU
EVAL mode enabled. Running 2000 evaluation episodes.
[EVAL] Episode 50/2000 | env 16 | reward 193.100 | wheel 5 | alpha 0.50 | success True | steps 1068
[EVAL] Episode 100/2000 | env 8 | reward 170.800 | wheel 3 | alpha 0.20 | success True | steps 1291
[EVAL] Episode 150/2000 | env 15 | reward 206.400 | wheel 5 | alpha 0.10 | success True | steps 935
[EVAL] Episode 200/2000 | env 16 | reward 211.200 | wheel 5 | alpha 0.50 | success True | steps 887
[EVAL] Episode 250/2000 | env 7 | reward 181.100 | wheel 2 | alpha 0.00 | success True | steps 1188
[EVAL] Episode 300/2000 | env 1 | reward 170.700 | wheel 1 | alpha 0.10 | success True | steps 1292
[EVAL] Episode 350/2000 | env 7 | reward 201.600 | wheel 0 | alpha 0.50 | success True | steps 983
[EVAL] Episode 400/2000 | env 17 | reward 216.100 | wheel 3 | alpha 0.20 | success True | steps 838
[EVAL] Episode 450/2000 | env 2 | reward 110.600 | wheel 1 | alpha 0.00 | success True | steps 1893
[EVAL] Episode 500/2000 | env 7 | reward 159.700 | wheel 2 | alpha 0.30 | success True | steps 1402
[EVAL] Episode 550/2000 | env 8 | reward 200.500 | wheel 4 | alpha 0.10 | success True | steps 994
[EVAL] Episode 600/2000 | env 0 | reward -15.300 | wheel 1 | alpha 0.10 | success False | steps 152
[EVAL] Episode 650/2000 | env 14 | reward 198.800 | wheel 3 | alpha 0.30 | success True | steps 1011
[EVAL] Episode 700/2000 | env 6 | reward 187.900 | wheel 0 | alpha 0.20 | success True | steps 1120
[EVAL] Episode 750/2000 | env 10 | reward 153.200 | wheel 2 | alpha 0.10 | success True | steps 1467
[EVAL] Episode 800/2000 | env 10 | reward -70.400 | wheel 2 | alpha 0.30 | success False | steps 703
[EVAL] Episode 850/2000 | env 17 | reward 204.400 | wheel 2 | alpha 0.30 | success True | steps 955
[EVAL] Episode 900/2000 | env 7 | reward 157.000 | wheel 1 | alpha 0.20 | success True | steps 1429
[EVAL] Episode 950/2000 | env 18 | reward 199.800 | wheel 3 | alpha 0.30 | success True | steps 1001
[EVAL] Episode 1000/2000 | env 18 | reward 138.800 | wheel 4 | alpha 0.30 | success True | steps 1611
[EVAL] Episode 1050/2000 | env 8 | reward 185.300 | wheel 3 | alpha 0.10 | success True | steps 1146
[EVAL] Episode 1100/2000 | env 4 | reward 171.900 | wheel 4 | alpha 0.30 | success True | steps 1280
[EVAL] Episode 1150/2000 | env 11 | reward 192.100 | wheel 4 | alpha 0.40 | success True | steps 1078
[EVAL] Episode 1200/2000 | env 10 | reward 132.600 | wheel 3 | alpha 0.10 | success True | steps 1673
[EVAL] Episode 1250/2000 | env 8 | reward 165.100 | wheel 3 | alpha 0.10 | success True | steps 1348
[EVAL] Episode 1300/2000 | env 4 | reward 180.800 | wheel 5 | alpha 0.20 | success True | steps 1191
[EVAL] Episode 1350/2000 | env 11 | reward -15.300 | wheel 4 | alpha 0.10 | success False | steps 152
[EVAL] Episode 1400/2000 | env 6 | reward -200.000 | wheel 3 | alpha 0.10 | success False | steps 1999
[EVAL] Episode 1450/2000 | env 5 | reward 186.300 | wheel 0 | alpha 0.10 | success True | steps 1136
[EVAL] Episode 1500/2000 | env 4 | reward 159.400 | wheel 5 | alpha 0.00 | success True | steps 1405
[EVAL] Episode 1550/2000 | env 13 | reward 187.600 | wheel 5 | alpha 0.00 | success True | steps 1123
[EVAL] Episode 1600/2000 | env 14 | reward 111.400 | wheel 4 | alpha 0.40 | success True | steps 1885
[EVAL] Episode 1650/2000 | env 5 | reward 156.400 | wheel 1 | alpha 0.20 | success True | steps 1435
[EVAL] Episode 1700/2000 | env 13 | reward -15.200 | wheel 4 | alpha 0.50 | success False | steps 151
[EVAL] Episode 1750/2000 | env 18 | reward 196.900 | wheel 5 | alpha 0.50 | success True | steps 1030
[EVAL] Episode 1800/2000 | env 9 | reward -70.300 | wheel 1 | alpha 0.50 | success False | steps 702
[EVAL] Episode 1850/2000 | env 17 | reward 114.300 | wheel 4 | alpha 0.40 | success True | steps 1856
[EVAL] Episode 1900/2000 | env 7 | reward -15.400 | wheel 4 | alpha 0.30 | success False | steps 153
[EVAL] Episode 1950/2000 | env 8 | reward 189.100 | wheel 1 | alpha 0.50 | success True | steps 1108
[EVAL] Episode 2000/2000 | env 18 | reward 180.800 | wheel 1 | alpha 0.20 | success True | steps 1191
EVAL completed. Success rate: 1686/2000 = 84.30%
Eval log saved to: eval_logs/fault_w2_sameside-eval_log.csv
