Launching 19 parallel environments.
Using eval_reward reward function.
Using eval_reward reward function.
Using eval_reward reward function.
Using eval_reward reward function.
Using eval_reward reward function.
Using eval_reward reward function.
Using eval_reward reward function.
Using eval_reward reward function.
Using eval_reward reward function.
Using eval_reward reward function.
Using eval_reward reward function.
Using eval_reward reward function.
Using eval_reward reward function.
Using eval_reward reward function.
Using eval_reward reward function.
Using eval_reward reward function.
Using eval_reward reward function.
Using eval_reward reward function.
Using eval_reward reward function.
Using eval_reward reward function.
Model checkpoint loaded from fault-td3_checkpoint.pth.
TD3 Residual Agent initialized with:
	Device: cuda
	Replay buffer capacity: 5000000
	Batch size: 1024
	Gamma (discount): 0.995
	Tau (target update rate): 0.005
	Policy noise: 0.2
	Noise clip: 0.5
	Policy update frequency: 2
	Max action: 15.0
	Max grad norm: 3.0
GPU thread enabled: False
Algorithm: TD3
Reward function: eval
NO_FAULT: False
Agent NO-OP mode: False
Residual mode: True
Fine-tuning mode: False
Experiment prefix: fault_constant
Training on device: cuda, env action device: GPU
EVAL mode enabled. Running 2000 evaluation episodes.
[EVAL] Episode 50/2000 | env 14 | reward 193.100 | wheel 0 | alpha 0.00 | success True | steps 1068
[EVAL] Episode 100/2000 | env 15 | reward 199.900 | wheel 3 | alpha 0.10 | success True | steps 1000
[EVAL] Episode 150/2000 | env 11 | reward 204.500 | wheel 5 | alpha 0.10 | success True | steps 954
[EVAL] Episode 200/2000 | env 17 | reward 199.500 | wheel 2 | alpha 0.50 | success True | steps 1004
[EVAL] Episode 250/2000 | env 11 | reward 201.600 | wheel 1 | alpha 0.20 | success True | steps 983
[EVAL] Episode 300/2000 | env 6 | reward 193.100 | wheel 4 | alpha 0.50 | success True | steps 1068
[EVAL] Episode 350/2000 | env 10 | reward 210.000 | wheel 5 | alpha 0.30 | success True | steps 899
[EVAL] Episode 400/2000 | env 9 | reward 197.800 | wheel 3 | alpha 0.40 | success True | steps 1021
[EVAL] Episode 450/2000 | env 7 | reward 195.700 | wheel 1 | alpha 0.30 | success True | steps 1042
[EVAL] Episode 500/2000 | env 10 | reward 204.000 | wheel 2 | alpha 0.20 | success True | steps 959
[EVAL] Episode 550/2000 | env 0 | reward -15.200 | wheel 2 | alpha 0.00 | success False | steps 151
[EVAL] Episode 600/2000 | env 10 | reward 194.500 | wheel 1 | alpha 0.20 | success True | steps 1054
[EVAL] Episode 650/2000 | env 15 | reward 191.300 | wheel 3 | alpha 0.00 | success True | steps 1086
[EVAL] Episode 700/2000 | env 14 | reward 208.000 | wheel 4 | alpha 0.20 | success True | steps 919
[EVAL] Episode 750/2000 | env 15 | reward 192.300 | wheel 0 | alpha 0.10 | success True | steps 1076
[EVAL] Episode 800/2000 | env 4 | reward 209.300 | wheel 4 | alpha 0.20 | success True | steps 906
[EVAL] Episode 850/2000 | env 13 | reward 193.100 | wheel 5 | alpha 0.20 | success True | steps 1068
[EVAL] Episode 900/2000 | env 11 | reward 209.000 | wheel 3 | alpha 0.00 | success True | steps 909
[EVAL] Episode 950/2000 | env 2 | reward 207.300 | wheel 4 | alpha 0.50 | success True | steps 926
[EVAL] Episode 1000/2000 | env 8 | reward 201.100 | wheel 5 | alpha 0.30 | success True | steps 988
[EVAL] Episode 1050/2000 | env 3 | reward 208.800 | wheel 2 | alpha 0.50 | success True | steps 911
[EVAL] Episode 1100/2000 | env 4 | reward 198.100 | wheel 0 | alpha 0.20 | success True | steps 1018
[EVAL] Episode 1150/2000 | env 3 | reward 206.100 | wheel 4 | alpha 0.50 | success True | steps 938
[EVAL] Episode 1200/2000 | env 15 | reward 196.200 | wheel 5 | alpha 0.10 | success True | steps 1037
[EVAL] Episode 1250/2000 | env 3 | reward 200.200 | wheel 3 | alpha 0.40 | success True | steps 997
[EVAL] Episode 1300/2000 | env 10 | reward 200.700 | wheel 1 | alpha 0.00 | success True | steps 992
[EVAL] Episode 1350/2000 | env 5 | reward 201.800 | wheel 3 | alpha 0.20 | success True | steps 981
[EVAL] Episode 1400/2000 | env 0 | reward 200.700 | wheel 5 | alpha 0.20 | success True | steps 992
[EVAL] Episode 1450/2000 | env 1 | reward 205.300 | wheel 5 | alpha 0.50 | success True | steps 946
[EVAL] Episode 1500/2000 | env 10 | reward 202.400 | wheel 0 | alpha 0.40 | success True | steps 975
[EVAL] Episode 1550/2000 | env 0 | reward 193.900 | wheel 2 | alpha 0.50 | success True | steps 1060
[EVAL] Episode 1600/2000 | env 3 | reward 204.300 | wheel 4 | alpha 0.30 | success True | steps 956
[EVAL] Episode 1650/2000 | env 7 | reward 185.900 | wheel 0 | alpha 0.10 | success True | steps 1140
[EVAL] Episode 1700/2000 | env 10 | reward 205.900 | wheel 1 | alpha 0.50 | success True | steps 940
[EVAL] Episode 1750/2000 | env 17 | reward 202.400 | wheel 5 | alpha 0.40 | success True | steps 975
[EVAL] Episode 1800/2000 | env 0 | reward 186.500 | wheel 3 | alpha 0.00 | success True | steps 1134
[EVAL] Episode 1850/2000 | env 1 | reward 206.900 | wheel 4 | alpha 0.10 | success True | steps 930
[EVAL] Episode 1900/2000 | env 6 | reward 205.400 | wheel 5 | alpha 0.50 | success True | steps 945
[EVAL] Episode 1950/2000 | env 10 | reward 210.700 | wheel 1 | alpha 0.10 | success True | steps 892
[EVAL] Episode 2000/2000 | env 3 | reward -1.800 | wheel 0 | alpha 0.41 | success False | steps 17
EVAL completed. Success rate: 1878/2000 = 93.90%
Eval log saved to: eval_logs/fault_constant-eval_log.csv
