Launching 19 parallel environments.
Using eval_reward reward function.
Using eval_reward reward function.
Using eval_reward reward function.
Using eval_reward reward function.
Using eval_reward reward function.
Using eval_reward reward function.
Using eval_reward reward function.
Using eval_reward reward function.
Using eval_reward reward function.
Using eval_reward reward function.
Using eval_reward reward function.
Using eval_reward reward function.
Using eval_reward reward function.
Using eval_reward reward function.
Using eval_reward reward function.
Using eval_reward reward function.
Using eval_reward reward function.
Using eval_reward reward function.
Using eval_reward reward function.
Using eval_reward reward function.
Model checkpoint loaded from fault-td3_checkpoint.pth.
TD3 Residual Agent initialized with:
	Device: cuda
	Replay buffer capacity: 5000000
	Batch size: 1024
	Gamma (discount): 0.995
	Tau (target update rate): 0.005
	Policy noise: 0.2
	Noise clip: 0.5
	Policy update frequency: 2
	Max action: 15.0
	Max grad norm: 3.0
GPU thread enabled: False
Algorithm: TD3
Reward function: eval
NO_FAULT: False
Agent NO-OP mode: False
Residual mode: True
Fine-tuning mode: False
Experiment prefix: fault_jitter
Training on device: cuda, env action device: GPU
EVAL mode enabled. Running 2000 evaluation episodes.
[EVAL] Episode 50/2000 | env 7 | reward 190.400 | wheel 2 | alpha 0.20 | success True | steps 1095
[EVAL] Episode 100/2000 | env 16 | reward 197.800 | wheel 4 | alpha 0.00 | success True | steps 1021
[EVAL] Episode 150/2000 | env 1 | reward 199.800 | wheel 3 | alpha 0.10 | success True | steps 1001
[EVAL] Episode 200/2000 | env 15 | reward 212.500 | wheel 5 | alpha 0.00 | success True | steps 874
[EVAL] Episode 250/2000 | env 12 | reward 196.000 | wheel 2 | alpha 0.00 | success True | steps 1039
[EVAL] Episode 300/2000 | env 1 | reward 207.300 | wheel 4 | alpha 0.20 | success True | steps 926
[EVAL] Episode 350/2000 | env 13 | reward 183.000 | wheel 2 | alpha 0.10 | success True | steps 1169
[EVAL] Episode 400/2000 | env 16 | reward 205.500 | wheel 4 | alpha 0.10 | success True | steps 944
[EVAL] Episode 450/2000 | env 18 | reward 205.100 | wheel 2 | alpha 0.50 | success True | steps 948
[EVAL] Episode 500/2000 | env 17 | reward 202.400 | wheel 3 | alpha 0.50 | success True | steps 975
[EVAL] Episode 550/2000 | env 9 | reward 195.500 | wheel 0 | alpha 0.00 | success True | steps 1044
[EVAL] Episode 600/2000 | env 4 | reward 199.300 | wheel 1 | alpha 0.20 | success True | steps 1006
[EVAL] Episode 650/2000 | env 8 | reward 203.000 | wheel 3 | alpha 0.40 | success True | steps 969
[EVAL] Episode 700/2000 | env 2 | reward 202.800 | wheel 5 | alpha 0.30 | success True | steps 971
[EVAL] Episode 750/2000 | env 4 | reward 200.200 | wheel 2 | alpha 0.10 | success True | steps 997
[EVAL] Episode 800/2000 | env 1 | reward 202.000 | wheel 3 | alpha 0.30 | success True | steps 979
[EVAL] Episode 850/2000 | env 7 | reward 199.600 | wheel 1 | alpha 0.10 | success True | steps 1003
[EVAL] Episode 900/2000 | env 14 | reward 195.800 | wheel 1 | alpha 0.10 | success True | steps 1041
[EVAL] Episode 950/2000 | env 15 | reward -15.300 | wheel 2 | alpha 0.50 | success False | steps 152
[EVAL] Episode 1000/2000 | env 4 | reward 199.000 | wheel 2 | alpha 0.40 | success True | steps 1009
[EVAL] Episode 1050/2000 | env 4 | reward 218.600 | wheel 4 | alpha 0.10 | success True | steps 813
[EVAL] Episode 1100/2000 | env 11 | reward 189.100 | wheel 5 | alpha 0.00 | success True | steps 1108
[EVAL] Episode 1150/2000 | env 0 | reward 208.500 | wheel 5 | alpha 0.50 | success True | steps 914
[EVAL] Episode 1200/2000 | env 11 | reward 208.300 | wheel 0 | alpha 0.50 | success True | steps 916
[EVAL] Episode 1250/2000 | env 5 | reward 200.900 | wheel 1 | alpha 0.20 | success True | steps 990
[EVAL] Episode 1300/2000 | env 1 | reward 191.600 | wheel 5 | alpha 0.40 | success True | steps 1083
[EVAL] Episode 1350/2000 | env 6 | reward 194.700 | wheel 3 | alpha 0.40 | success True | steps 1052
[EVAL] Episode 1400/2000 | env 18 | reward -70.200 | wheel 2 | alpha 0.20 | success False | steps 701
[EVAL] Episode 1450/2000 | env 4 | reward 201.600 | wheel 3 | alpha 0.20 | success True | steps 983
[EVAL] Episode 1500/2000 | env 5 | reward 210.100 | wheel 4 | alpha 0.30 | success True | steps 898
[EVAL] Episode 1550/2000 | env 18 | reward 205.300 | wheel 5 | alpha 0.50 | success True | steps 946
[EVAL] Episode 1600/2000 | env 6 | reward 187.400 | wheel 2 | alpha 0.30 | success True | steps 1125
[EVAL] Episode 1650/2000 | env 10 | reward 201.900 | wheel 4 | alpha 0.30 | success True | steps 980
[EVAL] Episode 1700/2000 | env 7 | reward 190.400 | wheel 3 | alpha 0.10 | success True | steps 1095
[EVAL] Episode 1750/2000 | env 6 | reward 198.700 | wheel 1 | alpha 0.40 | success True | steps 1012
[EVAL] Episode 1800/2000 | env 14 | reward 180.300 | wheel 2 | alpha 0.20 | success True | steps 1196
[EVAL] Episode 1850/2000 | env 4 | reward 205.900 | wheel 2 | alpha 0.40 | success True | steps 940
[EVAL] Episode 1900/2000 | env 11 | reward 189.000 | wheel 0 | alpha 0.00 | success True | steps 1109
[EVAL] Episode 1950/2000 | env 15 | reward 176.600 | wheel 3 | alpha 0.00 | success True | steps 1233
[EVAL] Episode 2000/2000 | env 7 | reward 205.700 | wheel 4 | alpha 0.50 | success True | steps 942
EVAL completed. Success rate: 1886/2000 = 94.30%
Eval log saved to: eval_logs/fault_jitter-eval_log.csv
