Launching 19 parallel environments.
Using eval_reward reward function.
Using eval_reward reward function.
Using eval_reward reward function.
Using eval_reward reward function.
Using eval_reward reward function.
Using eval_reward reward function.
Using eval_reward reward function.
Using eval_reward reward function.
Using eval_reward reward function.
Using eval_reward reward function.
Using eval_reward reward function.
Using eval_reward reward function.
Using eval_reward reward function.
Using eval_reward reward function.
Using eval_reward reward function.
Using eval_reward reward function.
Using eval_reward reward function.
Using eval_reward reward function.
Using eval_reward reward function.
Using eval_reward reward function.
No checkpoint found at fault_pure_pure-td3_checkpoint.pth. Starting with uninitialized model.
TD3 Non-Residual Agent initialized with:
	Device: cuda
	Replay buffer capacity: 5000000
	Batch size: 1024
	Gamma (discount): 0.995
	Tau (target update rate): 0.005
	Policy noise: 0.2
	Noise clip: 0.5
	Policy update frequency: 2
	Max action: 30.0
	Max grad norm: 3.0
GPU thread enabled: False
Algorithm: TD3
Reward function: eval
NO_FAULT: False
Agent NO-OP mode: False
Residual mode: False
Fine-tuning mode: False
Experiment prefix: pure_w2_pure
Training on device: cuda, env action device: GPU
EVAL mode enabled. Running 2000 evaluation episodes.
[EVAL] Episode 50/2000 | env 11 | reward -200.000 | wheel 1 | alpha 0.00 | success False | steps 1999
[EVAL] Episode 100/2000 | env 4 | reward -200.000 | wheel 0 | alpha 0.10 | success False | steps 1999
[EVAL] Episode 150/2000 | env 16 | reward -200.000 | wheel 1 | alpha 0.30 | success False | steps 1999
[EVAL] Episode 200/2000 | env 9 | reward -200.000 | wheel 1 | alpha 0.30 | success False | steps 1999
[EVAL] Episode 250/2000 | env 2 | reward -200.000 | wheel 4 | alpha 0.50 | success False | steps 1999
[EVAL] Episode 300/2000 | env 14 | reward -200.000 | wheel 3 | alpha 0.30 | success False | steps 1999
[EVAL] Episode 350/2000 | env 7 | reward -200.000 | wheel 4 | alpha 0.00 | success False | steps 1999
[EVAL] Episode 400/2000 | env 0 | reward -200.000 | wheel 2 | alpha 0.40 | success False | steps 1999
[EVAL] Episode 450/2000 | env 12 | reward -200.000 | wheel 5 | alpha 0.00 | success False | steps 1999
[EVAL] Episode 500/2000 | env 5 | reward -200.000 | wheel 1 | alpha 0.20 | success False | steps 1999
[EVAL] Episode 550/2000 | env 17 | reward -200.000 | wheel 4 | alpha 0.10 | success False | steps 1999
[EVAL] Episode 600/2000 | env 10 | reward -200.000 | wheel 5 | alpha 0.10 | success False | steps 1999
[EVAL] Episode 650/2000 | env 3 | reward -200.000 | wheel 5 | alpha 0.00 | success False | steps 1999
[EVAL] Episode 700/2000 | env 15 | reward -200.000 | wheel 0 | alpha 0.00 | success False | steps 1999
[EVAL] Episode 750/2000 | env 8 | reward -200.000 | wheel 1 | alpha 0.50 | success False | steps 1999
[EVAL] Episode 800/2000 | env 1 | reward -200.000 | wheel 1 | alpha 0.20 | success False | steps 1999
[EVAL] Episode 850/2000 | env 13 | reward -200.000 | wheel 2 | alpha 0.30 | success False | steps 1999
[EVAL] Episode 900/2000 | env 6 | reward -200.000 | wheel 4 | alpha 0.50 | success False | steps 1999
[EVAL] Episode 950/2000 | env 18 | reward -200.000 | wheel 5 | alpha 0.30 | success False | steps 1999
[EVAL] Episode 1000/2000 | env 11 | reward -200.000 | wheel 5 | alpha 0.00 | success False | steps 1999
[EVAL] Episode 1050/2000 | env 4 | reward -200.000 | wheel 1 | alpha 0.40 | success False | steps 1999
[EVAL] Episode 1100/2000 | env 16 | reward -200.000 | wheel 1 | alpha 0.30 | success False | steps 1999
[EVAL] Episode 1150/2000 | env 9 | reward -200.000 | wheel 0 | alpha 0.40 | success False | steps 1999
[EVAL] Episode 1200/2000 | env 2 | reward -200.000 | wheel 3 | alpha 0.30 | success False | steps 1999
[EVAL] Episode 1250/2000 | env 14 | reward -200.000 | wheel 3 | alpha 0.30 | success False | steps 1999
[EVAL] Episode 1300/2000 | env 7 | reward -200.000 | wheel 4 | alpha 0.30 | success False | steps 1999
[EVAL] Episode 1350/2000 | env 0 | reward -200.000 | wheel 3 | alpha 0.20 | success False | steps 1999
[EVAL] Episode 1400/2000 | env 12 | reward -200.000 | wheel 3 | alpha 0.30 | success False | steps 1999
[EVAL] Episode 1450/2000 | env 5 | reward -200.000 | wheel 5 | alpha 0.30 | success False | steps 1999
[EVAL] Episode 1500/2000 | env 17 | reward -200.000 | wheel 2 | alpha 0.20 | success False | steps 1999
[EVAL] Episode 1550/2000 | env 10 | reward -200.000 | wheel 1 | alpha 0.50 | success False | steps 1999
[EVAL] Episode 1600/2000 | env 3 | reward -200.000 | wheel 1 | alpha 0.50 | success False | steps 1999
[EVAL] Episode 1650/2000 | env 15 | reward -200.000 | wheel 4 | alpha 0.50 | success False | steps 1999
[EVAL] Episode 1700/2000 | env 8 | reward -200.000 | wheel 2 | alpha 0.00 | success False | steps 1999
[EVAL] Episode 1750/2000 | env 1 | reward -200.000 | wheel 4 | alpha 0.00 | success False | steps 1999
[EVAL] Episode 1800/2000 | env 13 | reward -200.000 | wheel 0 | alpha 0.40 | success False | steps 1999
[EVAL] Episode 1850/2000 | env 6 | reward -200.000 | wheel 5 | alpha 0.40 | success False | steps 1999
[EVAL] Episode 1900/2000 | env 18 | reward -200.000 | wheel 4 | alpha 0.20 | success False | steps 1999
[EVAL] Episode 1950/2000 | env 11 | reward -200.000 | wheel 4 | alpha 0.10 | success False | steps 1999
[EVAL] Episode 2000/2000 | env 4 | reward -200.000 | wheel 0 | alpha 0.20 | success False | steps 1999
EVAL completed. Success rate: 0/2000 = 0.00%
Eval log saved to: eval_logs/pure_w2_pure-eval_log.csv
